ERROR - 2025-05-19 05:58:45 --> mysqli_sql_exception: Duplicate entry 'admin@example.com' for key 'users.email' in D:\laragon\www\PRAK701\system\Database\MySQLi\Connection.php:327
Stack trace:
#0 D:\laragon\www\PRAK701\system\Database\MySQLi\Connection.php(327): mysqli->query('INSERT INTO `us...', 0)
#1 D:\laragon\www\PRAK701\system\Database\BaseConnection.php(738): CodeIgniter\Database\MySQLi\Connection->execute('INSERT INTO `us...')
#2 D:\laragon\www\PRAK701\system\Database\BaseConnection.php(652): CodeIgniter\Database\BaseConnection->simpleQuery('INSERT INTO `us...')
#3 D:\laragon\www\PRAK701\system\Database\BaseBuilder.php(1841): CodeIgniter\Database\BaseConnection->query('INSERT INTO `us...', NULL, false)
#4 D:\laragon\www\PRAK701\system\Database\BaseBuilder.php(2230): CodeIgniter\Database\BaseBuilder->batchExecute('_insertBatch', 100)
#5 D:\laragon\www\PRAK701\app\Database\Seeds\UsersSeeder.php(26): CodeIgniter\Database\BaseBuilder->insertBatch(Array)
#6 D:\laragon\www\PRAK701\system\Database\Seeder.php(149): App\Database\Seeds\UsersSeeder->run()
#7 D:\laragon\www\PRAK701\app\Database\Seeds\DatabaseSeeder.php(11): CodeIgniter\Database\Seeder->call('App\\Database\\Se...')
#8 D:\laragon\www\PRAK701\system\Database\Seeder.php(149): App\Database\Seeds\DatabaseSeeder->run()
#9 D:\laragon\www\PRAK701\system\Commands\Database\Seed.php(79): CodeIgniter\Database\Seeder->call('App\\Database\\Se...')
#10 D:\laragon\www\PRAK701\system\CLI\Commands.php(74): CodeIgniter\Commands\Database\Seed->run(Array)
#11 D:\laragon\www\PRAK701\system\CLI\Console.php(47): CodeIgniter\CLI\Commands->run('db:seed', Array)
#12 D:\laragon\www\PRAK701\system\Boot.php(360): CodeIgniter\CLI\Console->run()
#13 D:\laragon\www\PRAK701\system\Boot.php(104): CodeIgniter\Boot::runCommand(Object(CodeIgniter\CLI\Console))
#14 D:\laragon\www\PRAK701\spark(87): CodeIgniter\Boot::bootSpark(Object(Config\Paths))
#15 {main}
DEBUG - 2025-05-19 07:50:11 --> Session: Class initialized using 'CodeIgniter\Session\Handlers\FileHandler' driver.
CRITICAL - 2025-05-19 07:50:31 --> ErrorException: Undefined variable $buku
[Method: GET, Route: book]
in APPPATH\Views\book\index.php on line 7.
 1 APPPATH\Views\book\index.php(7): CodeIgniter\Debug\Exceptions->errorHandler(2, 'Undefined variable $buku', 'D:\\laragon\\www\\PRAK701\\app\\Views\\book\\index.php', 7)
 2 SYSTEMPATH\View\View.php(224): include('D:\\laragon\\www\\PRAK701\\app\\Views\\book\\index.php')
 3 SYSTEMPATH\View\View.php(227): CodeIgniter\View\View->CodeIgniter\View\{closure}()
 4 SYSTEMPATH\Common.php(1173): CodeIgniter\View\View->render('book/index', [], true)
 5 APPPATH\Controllers\Book.php(20): view('book/index', [...])
 6 SYSTEMPATH\CodeIgniter.php(933): App\Controllers\Book->index()
 7 SYSTEMPATH\CodeIgniter.php(507): CodeIgniter\CodeIgniter->runController(Object(App\Controllers\Book))
 8 SYSTEMPATH\CodeIgniter.php(354): CodeIgniter\CodeIgniter->handleRequest(null, Object(Config\Cache), false)
 9 SYSTEMPATH\Boot.php(334): CodeIgniter\CodeIgniter->run()
10 SYSTEMPATH\Boot.php(67): CodeIgniter\Boot::runCodeIgniter(Object(CodeIgniter\CodeIgniter))
11 FCPATH\index.php(59): CodeIgniter\Boot::bootWeb(Object(Config\Paths))
12 SYSTEMPATH\rewrite.php(44): require_once('D:\\laragon\\www\\PRAK701\\public\\index.php')
DEBUG - 2025-05-19 14:24:57 --> Session: Class initialized using 'CodeIgniter\Session\Handlers\FileHandler' driver.
DEBUG - 2025-05-19 14:25:01 --> Session: Class initialized using 'CodeIgniter\Session\Handlers\FileHandler' driver.
DEBUG - 2025-05-19 14:25:18 --> Session: Class initialized using 'CodeIgniter\Session\Handlers\FileHandler' driver.
DEBUG - 2025-05-19 14:25:24 --> Session: Class initialized using 'CodeIgniter\Session\Handlers\FileHandler' driver.
DEBUG - 2025-05-19 14:28:34 --> Session: Class initialized using 'CodeIgniter\Session\Handlers\FileHandler' driver.
DEBUG - 2025-05-19 14:28:36 --> Session: Class initialized using 'CodeIgniter\Session\Handlers\FileHandler' driver.
DEBUG - 2025-05-19 14:28:43 --> Session: Class initialized using 'CodeIgniter\Session\Handlers\FileHandler' driver.
DEBUG - 2025-05-19 14:29:09 --> Session: Class initialized using 'CodeIgniter\Session\Handlers\FileHandler' driver.
DEBUG - 2025-05-19 14:29:28 --> Session: Class initialized using 'CodeIgniter\Session\Handlers\FileHandler' driver.
DEBUG - 2025-05-19 14:37:09 --> Session: Class initialized using 'CodeIgniter\Session\Handlers\FileHandler' driver.
